<?xml version="1.0" encoding="UTF-8"?>
<!-- Generated by org.testng.reporters.JUnitXMLReporter -->
<testsuite ignored="0" hostname="WINDOWS-AJGJOLN" failures="1" tests="2" name="Banking App Test" time="70.198" errors="0" timestamp="2022-01-06T20:27:29 IST">
  <testcase classname="com.inetbanking.testCases.LoginTest" name="loginTest" time="9.563"/>
  <testcase classname="com.inetbanking.testCases.LoginTest" name="logoutTest" time="1.444">
    <failure type="java.lang.AssertionError" message="expected [true] but found [false]">
      <![CDATA[java.lang.AssertionError: expected [true] but found [false]
at com.inetbanking.testCases.LoginTest.logoutTest(LoginTest.java:44)
at java.base/java.util.ArrayList.forEach(ArrayList.java:1511)
... Removed 34 stack frames]]>
    </failure>
  </testcase> <!-- logoutTest -->
</testsuite> <!-- Banking App Test -->
